{"/l/disk0/pcandido/dev/arara/temporario/redeEletrica/src/__test__/utils.ts": {"path":"/l/disk0/pcandido/dev/arara/temporario/redeEletrica/src/__test__/utils.ts","statementMap":{"0":{"start":{"line":3,"column":36},"end":{"line":13,"column":1}}},"fnMap":{},"branchMap":{},"s":{"0":1},"f":{},"b":{},"_coverageSchema":"1a1c01bbd47fc00a2c39e90264f33305004495a9","hash":"70b760221a24d09dcb632d5a9b5cc2aae09077b4"}
,"/l/disk0/pcandido/dev/arara/temporario/redeEletrica/src/assets/icons/Conector.tsx": {"path":"/l/disk0/pcandido/dev/arara/temporario/redeEletrica/src/assets/icons/Conector.tsx","statementMap":{"0":{"start":{"line":5,"column":4},"end":{"line":21,"column":1}},"1":{"start":{"line":6,"column":2},"end":{"line":20,"column":4}}},"fnMap":{"0":{"name":"(anonymous_0)","decl":{"start":{"line":5,"column":4},"end":{"line":5,"column":5}},"loc":{"start":{"line":5,"column":40},"end":{"line":21,"column":1}},"line":5}},"branchMap":{"0":{"loc":{"start":{"line":5,"column":7},"end":{"line":5,"column":23}},"type":"default-arg","locations":[{"start":{"line":5,"column":14},"end":{"line":5,"column":23}}],"line":5}},"s":{"0":7,"1":16},"f":{"0":16},"b":{"0":[1]},"_coverageSchema":"1a1c01bbd47fc00a2c39e90264f33305004495a9","hash":"f22b823b546d3c001c029db0148dae59f83b8db4"}
,"/l/disk0/pcandido/dev/arara/temporario/redeEletrica/src/assets/icons/Station.tsx": {"path":"/l/disk0/pcandido/dev/arara/temporario/redeEletrica/src/assets/icons/Station.tsx","statementMap":{"0":{"start":{"line":9,"column":2},"end":{"line":25,"column":4}}},"fnMap":{"0":{"name":"StationIcon","decl":{"start":{"line":3,"column":16},"end":{"line":3,"column":27}},"loc":{"start":{"line":8,"column":3},"end":{"line":26,"column":1}},"line":8}},"branchMap":{"0":{"loc":{"start":{"line":4,"column":2},"end":{"line":4,"column":18}},"type":"default-arg","locations":[{"start":{"line":4,"column":9},"end":{"line":4,"column":18}}],"line":4}},"s":{"0":24},"f":{"0":24},"b":{"0":[1]},"_coverageSchema":"1a1c01bbd47fc00a2c39e90264f33305004495a9","hash":"7e88e793e82f667a7e9ceddd9f74cb0f66955499"}
,"/l/disk0/pcandido/dev/arara/temporario/redeEletrica/src/components/index.ts": {"path":"/l/disk0/pcandido/dev/arara/temporario/redeEletrica/src/components/index.ts","statementMap":{},"fnMap":{},"branchMap":{},"s":{},"f":{},"b":{},"_coverageSchema":"1a1c01bbd47fc00a2c39e90264f33305004495a9","hash":"526302b5841e1e000c904f3a83581a0466dd28c4"}
,"/l/disk0/pcandido/dev/arara/temporario/redeEletrica/src/components/AppLayout/AppLayout.tsx": {"path":"/l/disk0/pcandido/dev/arara/temporario/redeEletrica/src/components/AppLayout/AppLayout.tsx","statementMap":{"0":{"start":{"line":7,"column":51},"end":{"line":59,"column":1}},"1":{"start":{"line":8,"column":20},"end":{"line":8,"column":36}},"2":{"start":{"line":9,"column":2},"end":{"line":58,"column":4}}},"fnMap":{"0":{"name":"(anonymous_0)","decl":{"start":{"line":7,"column":51},"end":{"line":7,"column":52}},"loc":{"start":{"line":7,"column":69},"end":{"line":59,"column":1}},"line":7}},"branchMap":{},"s":{"0":4,"1":5,"2":5},"f":{"0":5},"b":{},"_coverageSchema":"1a1c01bbd47fc00a2c39e90264f33305004495a9","hash":"f33a0f48ef35a6c20fe3499cc3cf1e1166874e0f"}
,"/l/disk0/pcandido/dev/arara/temporario/redeEletrica/src/components/AppLayout/AppMenu.tsx": {"path":"/l/disk0/pcandido/dev/arara/temporario/redeEletrica/src/components/AppLayout/AppMenu.tsx","statementMap":{"0":{"start":{"line":6,"column":23},"end":{"line":59,"column":1}},"1":{"start":{"line":7,"column":20},"end":{"line":7,"column":36}},"2":{"start":{"line":8,"column":19},"end":{"line":8,"column":32}},"3":{"start":{"line":9,"column":19},"end":{"line":9,"column":32}},"4":{"start":{"line":10,"column":44},"end":{"line":17,"column":3}},"5":{"start":{"line":11,"column":4},"end":{"line":11,"column":42}},"6":{"start":{"line":12,"column":4},"end":{"line":14,"column":5}},"7":{"start":{"line":13,"column":6},"end":{"line":13,"column":37}},"8":{"start":{"line":15,"column":4},"end":{"line":15,"column":46}},"9":{"start":{"line":16,"column":4},"end":{"line":16,"column":59}},"10":{"start":{"line":19,"column":32},"end":{"line":26,"column":3}},"11":{"start":{"line":20,"column":25},"end":{"line":20,"column":33}},"12":{"start":{"line":21,"column":27},"end":{"line":23,"column":32}},"13":{"start":{"line":22,"column":15},"end":{"line":22,"column":70}},"14":{"start":{"line":25,"column":4},"end":{"line":25,"column":26}},"15":{"start":{"line":28,"column":2},"end":{"line":58,"column":4}}},"fnMap":{"0":{"name":"(anonymous_0)","decl":{"start":{"line":6,"column":23},"end":{"line":6,"column":24}},"loc":{"start":{"line":6,"column":29},"end":{"line":59,"column":1}},"line":6},"1":{"name":"(anonymous_1)","decl":{"start":{"line":10,"column":44},"end":{"line":10,"column":45}},"loc":{"start":{"line":10,"column":51},"end":{"line":17,"column":3}},"line":10},"2":{"name":"(anonymous_2)","decl":{"start":{"line":19,"column":32},"end":{"line":19,"column":33}},"loc":{"start":{"line":19,"column":38},"end":{"line":26,"column":3}},"line":19},"3":{"name":"(anonymous_3)","decl":{"start":{"line":22,"column":6},"end":{"line":22,"column":7}},"loc":{"start":{"line":22,"column":15},"end":{"line":22,"column":70}},"line":22}},"branchMap":{"0":{"loc":{"start":{"line":12,"column":4},"end":{"line":14,"column":5}},"type":"if","locations":[{"start":{"line":12,"column":4},"end":{"line":14,"column":5}},{"start":{},"end":{}}],"line":12}},"s":{"0":4,"1":10,"2":8,"3":8,"4":8,"5":1,"6":1,"7":0,"8":1,"9":1,"10":8,"11":8,"12":8,"13":16,"14":8,"15":8},"f":{"0":10,"1":1,"2":8,"3":16},"b":{"0":[0,1]},"_coverageSchema":"1a1c01bbd47fc00a2c39e90264f33305004495a9","hash":"bead4774e994848f71f4adf638bd91375879c5ed"}
,"/l/disk0/pcandido/dev/arara/temporario/redeEletrica/src/components/AppLayout/index.tsx": {"path":"/l/disk0/pcandido/dev/arara/temporario/redeEletrica/src/components/AppLayout/index.tsx","statementMap":{},"fnMap":{},"branchMap":{},"s":{},"f":{},"b":{},"_coverageSchema":"1a1c01bbd47fc00a2c39e90264f33305004495a9","hash":"a54ddea1e88f2a64724b7aa85774432fe3a337d2"}
,"/l/disk0/pcandido/dev/arara/temporario/redeEletrica/src/components/Breadcrumbs/index.tsx": {"path":"/l/disk0/pcandido/dev/arara/temporario/redeEletrica/src/components/Breadcrumbs/index.tsx","statementMap":{"0":{"start":{"line":10,"column":55},"end":{"line":16,"column":1}},"1":{"start":{"line":11,"column":2},"end":{"line":15,"column":4}}},"fnMap":{"0":{"name":"(anonymous_0)","decl":{"start":{"line":10,"column":55},"end":{"line":10,"column":56}},"loc":{"start":{"line":10,"column":66},"end":{"line":16,"column":1}},"line":10}},"branchMap":{},"s":{"0":5,"1":3},"f":{"0":3},"b":{},"_coverageSchema":"1a1c01bbd47fc00a2c39e90264f33305004495a9","hash":"54637db0ab170ac2e897dc2389c6eff5c53d1bee"}
,"/l/disk0/pcandido/dev/arara/temporario/redeEletrica/src/components/Card/index.tsx": {"path":"/l/disk0/pcandido/dev/arara/temporario/redeEletrica/src/components/Card/index.tsx","statementMap":{"0":{"start":{"line":11,"column":17},"end":{"line":11,"column":27}},"1":{"start":{"line":32,"column":41},"end":{"line":63,"column":1}},"2":{"start":{"line":33,"column":2},"end":{"line":62,"column":4}}},"fnMap":{"0":{"name":"(anonymous_0)","decl":{"start":{"line":32,"column":41},"end":{"line":32,"column":42}},"loc":{"start":{"line":32,"column":76},"end":{"line":63,"column":1}},"line":32}},"branchMap":{},"s":{"0":5,"1":5,"2":8},"f":{"0":8},"b":{},"_coverageSchema":"1a1c01bbd47fc00a2c39e90264f33305004495a9","hash":"75fb4312ae698c321414ac22d6bbe0b06cf1fae4"}
,"/l/disk0/pcandido/dev/arara/temporario/redeEletrica/src/components/ConfirmModal/index.tsx": {"path":"/l/disk0/pcandido/dev/arara/temporario/redeEletrica/src/components/ConfirmModal/index.tsx","statementMap":{"0":{"start":{"line":22,"column":57},"end":{"line":66,"column":1}},"1":{"start":{"line":29,"column":30},"end":{"line":29,"column":54}},"2":{"start":{"line":31,"column":23},"end":{"line":34,"column":3}},"3":{"start":{"line":32,"column":4},"end":{"line":32,"column":17}},"4":{"start":{"line":33,"column":4},"end":{"line":33,"column":21}},"5":{"start":{"line":36,"column":24},"end":{"line":39,"column":3}},"6":{"start":{"line":37,"column":4},"end":{"line":37,"column":18}},"7":{"start":{"line":38,"column":4},"end":{"line":38,"column":21}},"8":{"start":{"line":41,"column":2},"end":{"line":65,"column":4}}},"fnMap":{"0":{"name":"(anonymous_0)","decl":{"start":{"line":22,"column":57},"end":{"line":22,"column":58}},"loc":{"start":{"line":28,"column":6},"end":{"line":66,"column":1}},"line":28},"1":{"name":"(anonymous_1)","decl":{"start":{"line":31,"column":23},"end":{"line":31,"column":24}},"loc":{"start":{"line":31,"column":29},"end":{"line":34,"column":3}},"line":31},"2":{"name":"(anonymous_2)","decl":{"start":{"line":36,"column":24},"end":{"line":36,"column":25}},"loc":{"start":{"line":36,"column":30},"end":{"line":39,"column":3}},"line":36}},"branchMap":{"0":{"loc":{"start":{"line":27,"column":10},"end":{"line":27,"column":32}},"type":"default-arg","locations":[{"start":{"line":27,"column":27},"end":{"line":27,"column":32}}],"line":27}},"s":{"0":5,"1":10,"2":10,"3":1,"4":1,"5":10,"6":1,"7":1,"8":10},"f":{"0":10,"1":1,"2":1},"b":{"0":[0]},"_coverageSchema":"1a1c01bbd47fc00a2c39e90264f33305004495a9","hash":"06bd58a1d149de0d742dd449daafca47aae3fd4e"}
,"/l/disk0/pcandido/dev/arara/temporario/redeEletrica/src/components/Drawer/index.tsx": {"path":"/l/disk0/pcandido/dev/arara/temporario/redeEletrica/src/components/Drawer/index.tsx","statementMap":{"0":{"start":{"line":15,"column":45},"end":{"line":25,"column":1}},"1":{"start":{"line":20,"column":2},"end":{"line":24,"column":4}}},"fnMap":{"0":{"name":"(anonymous_0)","decl":{"start":{"line":15,"column":45},"end":{"line":15,"column":46}},"loc":{"start":{"line":19,"column":6},"end":{"line":25,"column":1}},"line":19}},"branchMap":{},"s":{"0":5,"1":2},"f":{"0":2},"b":{},"_coverageSchema":"1a1c01bbd47fc00a2c39e90264f33305004495a9","hash":"2f1dbd4f375484eaf87d2f7bd0d83fbbc8407405"}
,"/l/disk0/pcandido/dev/arara/temporario/redeEletrica/src/components/DrawerContent/index.tsx": {"path":"/l/disk0/pcandido/dev/arara/temporario/redeEletrica/src/components/DrawerContent/index.tsx","statementMap":{"0":{"start":{"line":18,"column":52},"end":{"line":46,"column":1}},"1":{"start":{"line":19,"column":2},"end":{"line":45,"column":4}},"2":{"start":{"line":48,"column":59},"end":{"line":71,"column":1}},"3":{"start":{"line":49,"column":2},"end":{"line":70,"column":4}},"4":{"start":{"line":73,"column":47},"end":{"line":91,"column":1}},"5":{"start":{"line":74,"column":2},"end":{"line":90,"column":4}}},"fnMap":{"0":{"name":"(anonymous_0)","decl":{"start":{"line":18,"column":52},"end":{"line":18,"column":53}},"loc":{"start":{"line":18,"column":69},"end":{"line":46,"column":1}},"line":18},"1":{"name":"(anonymous_1)","decl":{"start":{"line":48,"column":59},"end":{"line":48,"column":60}},"loc":{"start":{"line":48,"column":76},"end":{"line":71,"column":1}},"line":48},"2":{"name":"(anonymous_2)","decl":{"start":{"line":73,"column":47},"end":{"line":73,"column":48}},"loc":{"start":{"line":73,"column":64},"end":{"line":91,"column":1}},"line":73}},"branchMap":{"0":{"loc":{"start":{"line":22,"column":7},"end":{"line":43,"column":7}},"type":"cond-expr","locations":[{"start":{"line":23,"column":8},"end":{"line":25,"column":26}},{"start":{"line":27,"column":8},"end":{"line":42,"column":11}}],"line":22},"1":{"loc":{"start":{"line":79,"column":11},"end":{"line":86,"column":11}},"type":"cond-expr","locations":[{"start":{"line":80,"column":12},"end":{"line":80,"column":29}},{"start":{"line":82,"column":12},"end":{"line":85,"column":15}}],"line":79}},"s":{"0":6,"1":15,"2":6,"3":15,"4":6,"5":15},"f":{"0":15,"1":15,"2":15},"b":{"0":[4,11],"1":[4,11]},"_coverageSchema":"1a1c01bbd47fc00a2c39e90264f33305004495a9","hash":"070b2d28e187bf86889c001d3b54a0c48cfee8c4"}
,"/l/disk0/pcandido/dev/arara/temporario/redeEletrica/src/components/RedeEletrica/index.tsx": {"path":"/l/disk0/pcandido/dev/arara/temporario/redeEletrica/src/components/RedeEletrica/index.tsx","statementMap":{"0":{"start":{"line":5,"column":28},"end":{"line":11,"column":1}},"1":{"start":{"line":6,"column":2},"end":{"line":10,"column":3}}},"fnMap":{"0":{"name":"(anonymous_0)","decl":{"start":{"line":5,"column":28},"end":{"line":5,"column":29}},"loc":{"start":{"line":5,"column":34},"end":{"line":11,"column":1}},"line":5}},"branchMap":{},"s":{"0":5,"1":2},"f":{"0":2},"b":{},"_coverageSchema":"1a1c01bbd47fc00a2c39e90264f33305004495a9","hash":"a252774dbed6f730c6236fb71d50ec722b373f05"}
,"/l/disk0/pcandido/dev/arara/temporario/redeEletrica/src/components/SettingsSearchBox/index.tsx": {"path":"/l/disk0/pcandido/dev/arara/temporario/redeEletrica/src/components/SettingsSearchBox/index.tsx","statementMap":{"0":{"start":{"line":4,"column":17},"end":{"line":6,"column":1}},"1":{"start":{"line":5,"column":2},"end":{"line":5,"column":35}},"2":{"start":{"line":8,"column":17},"end":{"line":10,"column":1}},"3":{"start":{"line":9,"column":2},"end":{"line":9,"column":32}},"4":{"start":{"line":20,"column":21},"end":{"line":23,"column":70}},"5":{"start":{"line":23,"column":5},"end":{"line":23,"column":70}},"6":{"start":{"line":25,"column":16},"end":{"line":30,"column":1}},"7":{"start":{"line":49,"column":67},"end":{"line":145,"column":1}},"8":{"start":{"line":57,"column":36},"end":{"line":59,"column":3}},"9":{"start":{"line":58,"column":4},"end":{"line":58,"column":33}},"10":{"start":{"line":61,"column":2},"end":{"line":144,"column":4}}},"fnMap":{"0":{"name":"(anonymous_0)","decl":{"start":{"line":4,"column":17},"end":{"line":4,"column":18}},"loc":{"start":{"line":4,"column":36},"end":{"line":6,"column":1}},"line":4},"1":{"name":"(anonymous_1)","decl":{"start":{"line":8,"column":17},"end":{"line":8,"column":18}},"loc":{"start":{"line":8,"column":36},"end":{"line":10,"column":1}},"line":8},"2":{"name":"(anonymous_2)","decl":{"start":{"line":20,"column":21},"end":{"line":20,"column":22}},"loc":{"start":{"line":23,"column":5},"end":{"line":23,"column":70}},"line":23},"3":{"name":"(anonymous_3)","decl":{"start":{"line":49,"column":67},"end":{"line":49,"column":68}},"loc":{"start":{"line":56,"column":6},"end":{"line":145,"column":1}},"line":56},"4":{"name":"(anonymous_4)","decl":{"start":{"line":52,"column":26},"end":{"line":52,"column":27}},"loc":{"start":{"line":52,"column":32},"end":{"line":52,"column":34}},"line":52},"5":{"name":"(anonymous_5)","decl":{"start":{"line":55,"column":18},"end":{"line":55,"column":19}},"loc":{"start":{"line":55,"column":24},"end":{"line":55,"column":26}},"line":55},"6":{"name":"(anonymous_6)","decl":{"start":{"line":57,"column":36},"end":{"line":57,"column":37}},"loc":{"start":{"line":57,"column":55},"end":{"line":59,"column":3}},"line":57}},"branchMap":{"0":{"loc":{"start":{"line":23,"column":6},"end":{"line":23,"column":25}},"type":"binary-expr","locations":[{"start":{"line":23,"column":6},"end":{"line":23,"column":19}},{"start":{"line":23,"column":23},"end":{"line":23,"column":25}}],"line":23},"1":{"loc":{"start":{"line":51,"column":2},"end":{"line":51,"column":27}},"type":"default-arg","locations":[{"start":{"line":51,"column":25},"end":{"line":51,"column":27}}],"line":51},"2":{"loc":{"start":{"line":52,"column":2},"end":{"line":52,"column":34}},"type":"default-arg","locations":[{"start":{"line":52,"column":26},"end":{"line":52,"column":34}}],"line":52},"3":{"loc":{"start":{"line":53,"column":2},"end":{"line":53,"column":14}},"type":"default-arg","locations":[{"start":{"line":53,"column":12},"end":{"line":53,"column":14}}],"line":53},"4":{"loc":{"start":{"line":54,"column":2},"end":{"line":54,"column":19}},"type":"default-arg","locations":[{"start":{"line":54,"column":17},"end":{"line":54,"column":19}}],"line":54},"5":{"loc":{"start":{"line":55,"column":2},"end":{"line":55,"column":26}},"type":"default-arg","locations":[{"start":{"line":55,"column":18},"end":{"line":55,"column":26}}],"line":55}},"s":{"0":5,"1":0,"2":5,"3":0,"4":5,"5":0,"6":5,"7":5,"8":15,"9":0,"10":15},"f":{"0":0,"1":0,"2":0,"3":15,"4":0,"5":0,"6":0},"b":{"0":[0,0],"1":[14],"2":[14],"3":[14],"4":[14],"5":[14]},"_coverageSchema":"1a1c01bbd47fc00a2c39e90264f33305004495a9","hash":"1d92d84bd7c5a9302f4f9d6e6ccf383a45f25427"}
,"/l/disk0/pcandido/dev/arara/temporario/redeEletrica/src/config/endpoints.ts": {"path":"/l/disk0/pcandido/dev/arara/temporario/redeEletrica/src/config/endpoints.ts","statementMap":{"0":{"start":{"line":1,"column":25},"end":{"line":5,"column":1}}},"fnMap":{},"branchMap":{},"s":{"0":5},"f":{},"b":{},"_coverageSchema":"1a1c01bbd47fc00a2c39e90264f33305004495a9","hash":"9f54c68bfd58378021f0f26812559ff2199e7f28"}
,"/l/disk0/pcandido/dev/arara/temporario/redeEletrica/src/constants/Status.ts": {"path":"/l/disk0/pcandido/dev/arara/temporario/redeEletrica/src/constants/Status.ts","statementMap":{"0":{"start":{"line":1,"column":31},"end":{"line":5,"column":1}},"1":{"start":{"line":7,"column":28},"end":{"line":11,"column":1}}},"fnMap":{},"branchMap":{},"s":{"0":7,"1":7},"f":{},"b":{},"_coverageSchema":"1a1c01bbd47fc00a2c39e90264f33305004495a9","hash":"482fea9c5b43bb9f0930d5e4be24758718452dc9"}
,"/l/disk0/pcandido/dev/arara/temporario/redeEletrica/src/hooks/data/useChargePointServices.tsx": {"path":"/l/disk0/pcandido/dev/arara/temporario/redeEletrica/src/hooks/data/useChargePointServices.tsx","statementMap":{"0":{"start":{"line":12,"column":30},"end":{"line":23,"column":1}},"1":{"start":{"line":15,"column":2},"end":{"line":22,"column":5}},"2":{"start":{"line":18,"column":6},"end":{"line":20,"column":9}}},"fnMap":{"0":{"name":"(anonymous_0)","decl":{"start":{"line":12,"column":30},"end":{"line":12,"column":31}},"loc":{"start":{"line":14,"column":27},"end":{"line":23,"column":1}},"line":14},"1":{"name":"(anonymous_1)","decl":{"start":{"line":17,"column":13},"end":{"line":17,"column":14}},"loc":{"start":{"line":17,"column":19},"end":{"line":21,"column":5}},"line":17}},"branchMap":{},"s":{"0":4,"1":1,"2":1},"f":{"0":1,"1":1},"b":{},"_coverageSchema":"1a1c01bbd47fc00a2c39e90264f33305004495a9","hash":"9878ab148360a7cedf9bd70adbc8217f403bf2f6"}
,"/l/disk0/pcandido/dev/arara/temporario/redeEletrica/src/hooks/data/useStation.tsx": {"path":"/l/disk0/pcandido/dev/arara/temporario/redeEletrica/src/hooks/data/useStation.tsx","statementMap":{"0":{"start":{"line":8,"column":26},"end":{"line":15,"column":1}},"1":{"start":{"line":9,"column":2},"end":{"line":14,"column":5}},"2":{"start":{"line":12,"column":6},"end":{"line":12,"column":43}}},"fnMap":{"0":{"name":"(anonymous_0)","decl":{"start":{"line":8,"column":26},"end":{"line":8,"column":27}},"loc":{"start":{"line":8,"column":32},"end":{"line":15,"column":1}},"line":8},"1":{"name":"(anonymous_1)","decl":{"start":{"line":11,"column":13},"end":{"line":11,"column":14}},"loc":{"start":{"line":11,"column":19},"end":{"line":13,"column":5}},"line":11}},"branchMap":{},"s":{"0":4,"1":1,"2":1},"f":{"0":1,"1":1},"b":{},"_coverageSchema":"1a1c01bbd47fc00a2c39e90264f33305004495a9","hash":"513b7327a0a59d6be7474fb4bccf907651839977"}
,"/l/disk0/pcandido/dev/arara/temporario/redeEletrica/src/hooks/data/useStationStates.tsx": {"path":"/l/disk0/pcandido/dev/arara/temporario/redeEletrica/src/hooks/data/useStationStates.tsx","statementMap":{"0":{"start":{"line":8,"column":32},"end":{"line":15,"column":1}},"1":{"start":{"line":9,"column":2},"end":{"line":14,"column":5}},"2":{"start":{"line":12,"column":6},"end":{"line":12,"column":49}}},"fnMap":{"0":{"name":"(anonymous_0)","decl":{"start":{"line":8,"column":32},"end":{"line":8,"column":33}},"loc":{"start":{"line":8,"column":38},"end":{"line":15,"column":1}},"line":8},"1":{"name":"(anonymous_1)","decl":{"start":{"line":11,"column":13},"end":{"line":11,"column":14}},"loc":{"start":{"line":11,"column":19},"end":{"line":13,"column":5}},"line":11}},"branchMap":{},"s":{"0":4,"1":1,"2":1},"f":{"0":1,"1":1},"b":{},"_coverageSchema":"1a1c01bbd47fc00a2c39e90264f33305004495a9","hash":"79854d90d5d898ba8f65f2aee42129169b7b4e52"}
,"/l/disk0/pcandido/dev/arara/temporario/redeEletrica/src/hooks/useRedeEletrica/index.ts": {"path":"/l/disk0/pcandido/dev/arara/temporario/redeEletrica/src/hooks/useRedeEletrica/index.ts","statementMap":{"0":{"start":{"line":9,"column":31},"end":{"line":16,"column":1}},"1":{"start":{"line":11,"column":26},"end":{"line":11,"column":47}},"2":{"start":{"line":13,"column":2},"end":{"line":15,"column":4}}},"fnMap":{"0":{"name":"(anonymous_0)","decl":{"start":{"line":9,"column":31},"end":{"line":9,"column":32}},"loc":{"start":{"line":9,"column":74},"end":{"line":16,"column":1}},"line":9}},"branchMap":{},"s":{"0":1,"1":1,"2":1},"f":{"0":1},"b":{},"_coverageSchema":"1a1c01bbd47fc00a2c39e90264f33305004495a9","hash":"5b6f4900b3520c01f25e6068300a879dea89d4f8"}
,"/l/disk0/pcandido/dev/arara/temporario/redeEletrica/src/mock/mirageServer.ts": {"path":"/l/disk0/pcandido/dev/arara/temporario/redeEletrica/src/mock/mirageServer.ts","statementMap":{"0":{"start":{"line":8,"column":19},"end":{"line":13,"column":1}},"1":{"start":{"line":15,"column":26},"end":{"line":28,"column":1}},"2":{"start":{"line":19,"column":4},"end":{"line":19,"column":6}},"3":{"start":{"line":21,"column":2},"end":{"line":25,"column":5}},"4":{"start":{"line":22,"column":4},"end":{"line":24,"column":5}},"5":{"start":{"line":22,"column":29},"end":{"line":22,"column":67}},"6":{"start":{"line":23,"column":6},"end":{"line":23,"column":41}},"7":{"start":{"line":27,"column":2},"end":{"line":27,"column":16}},"8":{"start":{"line":30,"column":56},"end":{"line":38,"column":1}},"9":{"start":{"line":34,"column":2},"end":{"line":37,"column":4}},"10":{"start":{"line":36,"column":6},"end":{"line":36,"column":78}},"11":{"start":{"line":40,"column":32},"end":{"line":66,"column":4}},"12":{"start":{"line":41,"column":2},"end":{"line":66,"column":4}},"13":{"start":{"line":44,"column":6},"end":{"line":44,"column":29}},"14":{"start":{"line":46,"column":6},"end":{"line":48,"column":9}},"15":{"start":{"line":47,"column":8},"end":{"line":47,"column":58}},"16":{"start":{"line":50,"column":6},"end":{"line":50,"column":70}},"17":{"start":{"line":50,"column":32},"end":{"line":50,"column":68}},"18":{"start":{"line":52,"column":6},"end":{"line":64,"column":9}},"19":{"start":{"line":53,"column":21},"end":{"line":53,"column":52}},"20":{"start":{"line":55,"column":10},"end":{"line":55,"column":59}},"21":{"start":{"line":57,"column":8},"end":{"line":63,"column":33}},"22":{"start":{"line":68,"column":0},"end":{"line":68,"column":19}}},"fnMap":{"0":{"name":"(anonymous_0)","decl":{"start":{"line":15,"column":26},"end":{"line":15,"column":27}},"loc":{"start":{"line":17,"column":79},"end":{"line":28,"column":1}},"line":17},"1":{"name":"(anonymous_1)","decl":{"start":{"line":21,"column":33},"end":{"line":21,"column":34}},"loc":{"start":{"line":21,"column":46},"end":{"line":25,"column":3}},"line":21},"2":{"name":"(anonymous_2)","decl":{"start":{"line":22,"column":21},"end":{"line":22,"column":22}},"loc":{"start":{"line":22,"column":29},"end":{"line":22,"column":67}},"line":22},"3":{"name":"(anonymous_3)","decl":{"start":{"line":30,"column":56},"end":{"line":30,"column":57}},"loc":{"start":{"line":33,"column":5},"end":{"line":38,"column":1}},"line":33},"4":{"name":"(anonymous_4)","decl":{"start":{"line":35,"column":4},"end":{"line":35,"column":5}},"loc":{"start":{"line":36,"column":6},"end":{"line":36,"column":78}},"line":36},"5":{"name":"(anonymous_5)","decl":{"start":{"line":40,"column":32},"end":{"line":40,"column":33}},"loc":{"start":{"line":41,"column":2},"end":{"line":66,"column":4}},"line":41},"6":{"name":"(anonymous_6)","decl":{"start":{"line":43,"column":4},"end":{"line":43,"column":5}},"loc":{"start":{"line":43,"column":13},"end":{"line":65,"column":5}},"line":43},"7":{"name":"(anonymous_7)","decl":{"start":{"line":46,"column":28},"end":{"line":46,"column":29}},"loc":{"start":{"line":46,"column":34},"end":{"line":48,"column":7}},"line":46},"8":{"name":"(anonymous_8)","decl":{"start":{"line":50,"column":26},"end":{"line":50,"column":27}},"loc":{"start":{"line":50,"column":32},"end":{"line":50,"column":68}},"line":50},"9":{"name":"(anonymous_9)","decl":{"start":{"line":52,"column":33},"end":{"line":52,"column":34}},"loc":{"start":{"line":52,"column":54},"end":{"line":64,"column":7}},"line":52}},"branchMap":{"0":{"loc":{"start":{"line":22,"column":4},"end":{"line":24,"column":5}},"type":"if","locations":[{"start":{"line":22,"column":4},"end":{"line":24,"column":5}},{"start":{},"end":{}}],"line":22},"1":{"loc":{"start":{"line":40,"column":33},"end":{"line":40,"column":60}},"type":"default-arg","locations":[{"start":{"line":40,"column":47},"end":{"line":40,"column":60}}],"line":40}},"s":{"0":1,"1":1,"2":1,"3":1,"4":4,"5":3,"6":1,"7":1,"8":1,"9":1,"10":13,"11":1,"12":2,"13":2,"14":2,"15":1,"16":2,"17":1,"18":2,"19":1,"20":1,"21":1,"22":1},"f":{"0":1,"1":4,"2":3,"3":1,"4":13,"5":2,"6":2,"7":1,"8":1,"9":1},"b":{"0":[1,3],"1":[1]},"_coverageSchema":"1a1c01bbd47fc00a2c39e90264f33305004495a9","hash":"b511809baaa07ea3697ab5731ac91e695965592d"}
,"/l/disk0/pcandido/dev/arara/temporario/redeEletrica/src/pages/Home/index.tsx": {"path":"/l/disk0/pcandido/dev/arara/temporario/redeEletrica/src/pages/Home/index.tsx","statementMap":{"0":{"start":{"line":27,"column":20},"end":{"line":128,"column":1}},"1":{"start":{"line":28,"column":30},"end":{"line":28,"column":42}},"2":{"start":{"line":29,"column":34},"end":{"line":29,"column":52}},"3":{"start":{"line":30,"column":48},"end":{"line":32,"column":3}},"4":{"start":{"line":33,"column":44},"end":{"line":33,"column":64}},"5":{"start":{"line":35,"column":33},"end":{"line":37,"column":4}},"6":{"start":{"line":39,"column":56},"end":{"line":41,"column":3}},"7":{"start":{"line":43,"column":36},"end":{"line":49,"column":3}},"8":{"start":{"line":44,"column":4},"end":{"line":48,"column":6}},"9":{"start":{"line":46,"column":21},"end":{"line":46,"column":53}},"10":{"start":{"line":51,"column":28},"end":{"line":53,"column":3}},"11":{"start":{"line":52,"column":4},"end":{"line":52,"column":28}},"12":{"start":{"line":55,"column":28},"end":{"line":57,"column":3}},"13":{"start":{"line":56,"column":4},"end":{"line":56,"column":50}},"14":{"start":{"line":59,"column":2},"end":{"line":127,"column":4}},"15":{"start":{"line":99,"column":14},"end":{"line":99,"column":65}},"16":{"start":{"line":102,"column":12},"end":{"line":111,"column":15}},"17":{"start":{"line":109,"column":31},"end":{"line":109,"column":66}},"18":{"start":{"line":130,"column":23},"end":{"line":136,"column":1}},"19":{"start":{"line":131,"column":2},"end":{"line":135,"column":4}}},"fnMap":{"0":{"name":"(anonymous_0)","decl":{"start":{"line":27,"column":20},"end":{"line":27,"column":21}},"loc":{"start":{"line":27,"column":26},"end":{"line":128,"column":1}},"line":27},"1":{"name":"(anonymous_1)","decl":{"start":{"line":43,"column":36},"end":{"line":43,"column":37}},"loc":{"start":{"line":43,"column":55},"end":{"line":49,"column":3}},"line":43},"2":{"name":"(anonymous_2)","decl":{"start":{"line":46,"column":8},"end":{"line":46,"column":9}},"loc":{"start":{"line":46,"column":21},"end":{"line":46,"column":53}},"line":46},"3":{"name":"(anonymous_3)","decl":{"start":{"line":51,"column":28},"end":{"line":51,"column":29}},"loc":{"start":{"line":51,"column":47},"end":{"line":53,"column":3}},"line":51},"4":{"name":"(anonymous_4)","decl":{"start":{"line":55,"column":28},"end":{"line":55,"column":29}},"loc":{"start":{"line":55,"column":34},"end":{"line":57,"column":3}},"line":55},"5":{"name":"(anonymous_5)","decl":{"start":{"line":98,"column":42},"end":{"line":98,"column":43}},"loc":{"start":{"line":99,"column":14},"end":{"line":99,"column":65}},"line":99},"6":{"name":"(anonymous_6)","decl":{"start":{"line":101,"column":45},"end":{"line":101,"column":46}},"loc":{"start":{"line":102,"column":12},"end":{"line":111,"column":15}},"line":102},"7":{"name":"(anonymous_7)","decl":{"start":{"line":109,"column":25},"end":{"line":109,"column":26}},"loc":{"start":{"line":109,"column":31},"end":{"line":109,"column":66}},"line":109},"8":{"name":"(anonymous_8)","decl":{"start":{"line":130,"column":23},"end":{"line":130,"column":24}},"loc":{"start":{"line":130,"column":29},"end":{"line":136,"column":1}},"line":130}},"branchMap":{"0":{"loc":{"start":{"line":36,"column":33},"end":{"line":36,"column":70}},"type":"binary-expr","locations":[{"start":{"line":36,"column":33},"end":{"line":36,"column":64}},{"start":{"line":36,"column":68},"end":{"line":36,"column":70}}],"line":36},"1":{"loc":{"start":{"line":45,"column":6},"end":{"line":47,"column":15}},"type":"binary-expr","locations":[{"start":{"line":45,"column":6},"end":{"line":47,"column":7}},{"start":{"line":47,"column":11},"end":{"line":47,"column":15}}],"line":45},"2":{"loc":{"start":{"line":71,"column":12},"end":{"line":74,"column":19}},"type":"binary-expr","locations":[{"start":{"line":71,"column":12},"end":{"line":74,"column":13}},{"start":{"line":74,"column":17},"end":{"line":74,"column":19}}],"line":71},"3":{"loc":{"start":{"line":72,"column":14},"end":{"line":72,"column":43}},"type":"binary-expr","locations":[{"start":{"line":72,"column":14},"end":{"line":72,"column":37}},{"start":{"line":72,"column":41},"end":{"line":72,"column":43}}],"line":72},"4":{"loc":{"start":{"line":77,"column":12},"end":{"line":77,"column":31}},"type":"binary-expr","locations":[{"start":{"line":77,"column":12},"end":{"line":77,"column":25}},{"start":{"line":77,"column":29},"end":{"line":77,"column":31}}],"line":77},"5":{"loc":{"start":{"line":82,"column":12},"end":{"line":84,"column":18}},"type":"cond-expr","locations":[{"start":{"line":83,"column":16},"end":{"line":83,"column":63}},{"start":{"line":84,"column":16},"end":{"line":84,"column":18}}],"line":82},"6":{"loc":{"start":{"line":89,"column":9},"end":{"line":89,"column":74}},"type":"binary-expr","locations":[{"start":{"line":89,"column":9},"end":{"line":89,"column":47}},{"start":{"line":89,"column":51},"end":{"line":89,"column":61}},{"start":{"line":89,"column":65},"end":{"line":89,"column":74}}],"line":89},"7":{"loc":{"start":{"line":97,"column":11},"end":{"line":100,"column":14}},"type":"binary-expr","locations":[{"start":{"line":97,"column":11},"end":{"line":97,"column":20}},{"start":{"line":98,"column":12},"end":{"line":100,"column":14}}],"line":97}},"s":{"0":4,"1":1,"2":1,"3":1,"4":1,"5":1,"6":1,"7":1,"8":0,"9":0,"10":1,"11":0,"12":1,"13":0,"14":1,"15":8,"16":0,"17":0,"18":4,"19":0},"f":{"0":1,"1":0,"2":0,"3":0,"4":0,"5":8,"6":0,"7":0,"8":0},"b":{"0":[1,1],"1":[0,0],"2":[1,0],"3":[1,1],"4":[1,1],"5":[0,1],"6":[1,1,0],"7":[1,1]},"_coverageSchema":"1a1c01bbd47fc00a2c39e90264f33305004495a9","hash":"6c22dfc7cad56cbb9998e36bfc309b7bf9498a47"}
,"/l/disk0/pcandido/dev/arara/temporario/redeEletrica/src/pages/RedeEletrica/index.tsx": {"path":"/l/disk0/pcandido/dev/arara/temporario/redeEletrica/src/pages/RedeEletrica/index.tsx","statementMap":{"0":{"start":{"line":5,"column":28},"end":{"line":11,"column":1}},"1":{"start":{"line":6,"column":2},"end":{"line":10,"column":3}}},"fnMap":{"0":{"name":"(anonymous_0)","decl":{"start":{"line":5,"column":28},"end":{"line":5,"column":29}},"loc":{"start":{"line":5,"column":34},"end":{"line":11,"column":1}},"line":5}},"branchMap":{},"s":{"0":1,"1":1},"f":{"0":1},"b":{},"_coverageSchema":"1a1c01bbd47fc00a2c39e90264f33305004495a9","hash":"605ae0e1f20e45f645e8a496dc9b1786dbeefef4"}
,"/l/disk0/pcandido/dev/arara/temporario/redeEletrica/src/pages/Settings/index.tsx": {"path":"/l/disk0/pcandido/dev/arara/temporario/redeEletrica/src/pages/Settings/index.tsx","statementMap":{"0":{"start":{"line":7,"column":24},"end":{"line":9,"column":1}},"1":{"start":{"line":8,"column":2},"end":{"line":8,"column":29}},"2":{"start":{"line":11,"column":23},"end":{"line":17,"column":1}},"3":{"start":{"line":12,"column":2},"end":{"line":16,"column":4}}},"fnMap":{"0":{"name":"(anonymous_0)","decl":{"start":{"line":7,"column":24},"end":{"line":7,"column":25}},"loc":{"start":{"line":7,"column":30},"end":{"line":9,"column":1}},"line":7},"1":{"name":"(anonymous_1)","decl":{"start":{"line":11,"column":23},"end":{"line":11,"column":24}},"loc":{"start":{"line":11,"column":29},"end":{"line":17,"column":1}},"line":11}},"branchMap":{},"s":{"0":4,"1":1,"2":4,"3":0},"f":{"0":1,"1":0},"b":{},"_coverageSchema":"1a1c01bbd47fc00a2c39e90264f33305004495a9","hash":"9906b9a35a06bcf2b3b8c2711ef54cf7204fd545"}
,"/l/disk0/pcandido/dev/arara/temporario/redeEletrica/src/providers/AntdThemeProvider.tsx": {"path":"/l/disk0/pcandido/dev/arara/temporario/redeEletrica/src/providers/AntdThemeProvider.tsx","statementMap":{"0":{"start":{"line":10,"column":60},"end":{"line":37,"column":1}},"1":{"start":{"line":11,"column":2},"end":{"line":36,"column":4}}},"fnMap":{"0":{"name":"(anonymous_0)","decl":{"start":{"line":10,"column":60},"end":{"line":10,"column":61}},"loc":{"start":{"line":10,"column":78},"end":{"line":37,"column":1}},"line":10}},"branchMap":{},"s":{"0":1,"1":1},"f":{"0":1},"b":{},"_coverageSchema":"1a1c01bbd47fc00a2c39e90264f33305004495a9","hash":"4497a0b75d43f1802f668200fc40d7a68c7e622d"}
,"/l/disk0/pcandido/dev/arara/temporario/redeEletrica/src/providers/ReactQueryProvider.tsx": {"path":"/l/disk0/pcandido/dev/arara/temporario/redeEletrica/src/providers/ReactQueryProvider.tsx","statementMap":{"0":{"start":{"line":8,"column":20},"end":{"line":8,"column":37}},"1":{"start":{"line":15,"column":27},"end":{"line":22,"column":1}},"2":{"start":{"line":16,"column":2},"end":{"line":21,"column":4}}},"fnMap":{"0":{"name":"(anonymous_0)","decl":{"start":{"line":15,"column":27},"end":{"line":15,"column":28}},"loc":{"start":{"line":15,"column":70},"end":{"line":22,"column":1}},"line":15}},"branchMap":{},"s":{"0":1,"1":1,"2":1},"f":{"0":1},"b":{},"_coverageSchema":"1a1c01bbd47fc00a2c39e90264f33305004495a9","hash":"15cacd19a3e0350c75135f5013a7bcc741197612"}
,"/l/disk0/pcandido/dev/arara/temporario/redeEletrica/src/providers/ReduxProvider.tsx": {"path":"/l/disk0/pcandido/dev/arara/temporario/redeEletrica/src/providers/ReduxProvider.tsx","statementMap":{"0":{"start":{"line":14,"column":22},"end":{"line":16,"column":1}},"1":{"start":{"line":15,"column":2},"end":{"line":15,"column":55}}},"fnMap":{"0":{"name":"(anonymous_0)","decl":{"start":{"line":14,"column":22},"end":{"line":14,"column":23}},"loc":{"start":{"line":14,"column":60},"end":{"line":16,"column":1}},"line":14}},"branchMap":{},"s":{"0":1,"1":1},"f":{"0":1},"b":{},"_coverageSchema":"1a1c01bbd47fc00a2c39e90264f33305004495a9","hash":"852a0daf4912d2c19c5ccdb9522e3ce15b18d05f"}
,"/l/disk0/pcandido/dev/arara/temporario/redeEletrica/src/providers/index.tsx": {"path":"/l/disk0/pcandido/dev/arara/temporario/redeEletrica/src/providers/index.tsx","statementMap":{"0":{"start":{"line":15,"column":18},"end":{"line":23,"column":1}},"1":{"start":{"line":16,"column":2},"end":{"line":22,"column":4}}},"fnMap":{"0":{"name":"(anonymous_0)","decl":{"start":{"line":15,"column":18},"end":{"line":15,"column":19}},"loc":{"start":{"line":15,"column":52},"end":{"line":23,"column":1}},"line":15}},"branchMap":{},"s":{"0":1,"1":1},"f":{"0":1},"b":{},"_coverageSchema":"1a1c01bbd47fc00a2c39e90264f33305004495a9","hash":"2e0d726da42a6eb06708573cccc9ca97af58b299"}
,"/l/disk0/pcandido/dev/arara/temporario/redeEletrica/src/routers/routes.tsx": {"path":"/l/disk0/pcandido/dev/arara/temporario/redeEletrica/src/routers/routes.tsx","statementMap":{"0":{"start":{"line":7,"column":26},"end":{"line":11,"column":1}},"1":{"start":{"line":13,"column":22},"end":{"line":22,"column":2}}},"fnMap":{},"branchMap":{},"s":{"0":4,"1":4},"f":{},"b":{},"_coverageSchema":"1a1c01bbd47fc00a2c39e90264f33305004495a9","hash":"e9a9e13df41ee65fbcbac0127bbae6653ef6ffe3"}
,"/l/disk0/pcandido/dev/arara/temporario/redeEletrica/src/services/ApiServices/index.ts": {"path":"/l/disk0/pcandido/dev/arara/temporario/redeEletrica/src/services/ApiServices/index.ts","statementMap":{"0":{"start":{"line":1,"column":20},"end":{"line":18,"column":1}},"1":{"start":{"line":3,"column":21},"end":{"line":3,"column":42}},"2":{"start":{"line":4,"column":17},"end":{"line":4,"column":38}},"3":{"start":{"line":5,"column":4},"end":{"line":5,"column":16}},"4":{"start":{"line":8,"column":21},"end":{"line":14,"column":6}},"5":{"start":{"line":15,"column":25},"end":{"line":15,"column":46}},"6":{"start":{"line":16,"column":4},"end":{"line":16,"column":24}}},"fnMap":{"0":{"name":"(anonymous_0)","decl":{"start":{"line":2,"column":8},"end":{"line":2,"column":9}},"loc":{"start":{"line":2,"column":36},"end":{"line":6,"column":3}},"line":2},"1":{"name":"(anonymous_1)","decl":{"start":{"line":7,"column":10},"end":{"line":7,"column":11}},"loc":{"start":{"line":7,"column":49},"end":{"line":17,"column":3}},"line":7}},"branchMap":{},"s":{"0":6,"1":2,"2":0,"3":0,"4":1,"5":0,"6":0},"f":{"0":2,"1":1},"b":{},"_coverageSchema":"1a1c01bbd47fc00a2c39e90264f33305004495a9","hash":"8362d3fe8b2c72601ae86352f4d2cac7f50c0243"}
,"/l/disk0/pcandido/dev/arara/temporario/redeEletrica/src/services/ChargePointService/index.ts": {"path":"/l/disk0/pcandido/dev/arara/temporario/redeEletrica/src/services/ChargePointService/index.ts","statementMap":{"0":{"start":{"line":14,"column":28},"end":{"line":70,"column":1}},"1":{"start":{"line":22,"column":4},"end":{"line":24,"column":38}},"2":{"start":{"line":30,"column":23},"end":{"line":30,"column":27}},"3":{"start":{"line":33,"column":21},"end":{"line":33,"column":78}},"4":{"start":{"line":33,"column":43},"end":{"line":33,"column":77}},"5":{"start":{"line":35,"column":4},"end":{"line":42,"column":5}},"6":{"start":{"line":37,"column":8},"end":{"line":37,"column":27}},"7":{"start":{"line":39,"column":8},"end":{"line":39,"column":29}},"8":{"start":{"line":41,"column":8},"end":{"line":41,"column":29}},"9":{"start":{"line":52,"column":4},"end":{"line":52,"column":76}},"10":{"start":{"line":52,"column":55},"end":{"line":52,"column":76}},"11":{"start":{"line":54,"column":4},"end":{"line":64,"column":6}},"12":{"start":{"line":68,"column":4},"end":{"line":68,"column":139}}},"fnMap":{"0":{"name":"(anonymous_0)","decl":{"start":{"line":19,"column":34},"end":{"line":19,"column":35}},"loc":{"start":{"line":22,"column":4},"end":{"line":24,"column":38}},"line":22},"1":{"name":"(anonymous_1)","decl":{"start":{"line":29,"column":27},"end":{"line":29,"column":28}},"loc":{"start":{"line":29,"column":69},"end":{"line":43,"column":3}},"line":29},"2":{"name":"(anonymous_2)","decl":{"start":{"line":33,"column":33},"end":{"line":33,"column":34}},"loc":{"start":{"line":33,"column":43},"end":{"line":33,"column":77}},"line":33},"3":{"name":"(anonymous_3)","decl":{"start":{"line":48,"column":45},"end":{"line":48,"column":46}},"loc":{"start":{"line":51,"column":16},"end":{"line":65,"column":3}},"line":51},"4":{"name":"(anonymous_4)","decl":{"start":{"line":67,"column":14},"end":{"line":67,"column":15}},"loc":{"start":{"line":67,"column":56},"end":{"line":69,"column":3}},"line":67}},"branchMap":{"0":{"loc":{"start":{"line":35,"column":4},"end":{"line":42,"column":5}},"type":"switch","locations":[{"start":{"line":36,"column":6},"end":{"line":37,"column":27}},{"start":{"line":38,"column":6},"end":{"line":39,"column":29}},{"start":{"line":40,"column":6},"end":{"line":41,"column":29}}],"line":35},"1":{"loc":{"start":{"line":52,"column":4},"end":{"line":52,"column":76}},"type":"if","locations":[{"start":{"line":52,"column":4},"end":{"line":52,"column":76}},{"start":{},"end":{}}],"line":52}},"s":{"0":4,"1":1,"2":0,"3":0,"4":0,"5":0,"6":0,"7":0,"8":0,"9":1,"10":1,"11":0,"12":0},"f":{"0":1,"1":0,"2":0,"3":1,"4":0},"b":{"0":[0,0,0],"1":[1,0]},"_coverageSchema":"1a1c01bbd47fc00a2c39e90264f33305004495a9","hash":"16534b5b9566924c45bfaf9ea69e896f7be113c2"}
,"/l/disk0/pcandido/dev/arara/temporario/redeEletrica/src/services/DateServices/index.ts": {"path":"/l/disk0/pcandido/dev/arara/temporario/redeEletrica/src/services/DateServices/index.ts","statementMap":{"0":{"start":{"line":1,"column":21},"end":{"line":5,"column":1}},"1":{"start":{"line":3,"column":4},"end":{"line":3,"column":44}}},"fnMap":{"0":{"name":"(anonymous_0)","decl":{"start":{"line":2,"column":15},"end":{"line":2,"column":16}},"loc":{"start":{"line":2,"column":39},"end":{"line":4,"column":3}},"line":2}},"branchMap":{},"s":{"0":7,"1":13},"f":{"0":13},"b":{},"_coverageSchema":"1a1c01bbd47fc00a2c39e90264f33305004495a9","hash":"1f09db564458f26db3171ef5a2c9b1ad6518615e"}
,"/l/disk0/pcandido/dev/arara/temporario/redeEletrica/src/services/RedeEletrica/index.ts": {"path":"/l/disk0/pcandido/dev/arara/temporario/redeEletrica/src/services/RedeEletrica/index.ts","statementMap":{"0":{"start":{"line":14,"column":4},"end":{"line":14,"column":21}}},"fnMap":{"0":{"name":"(anonymous_0)","decl":{"start":{"line":9,"column":2},"end":{"line":9,"column":3}},"loc":{"start":{"line":9,"column":16},"end":{"line":11,"column":3}},"line":9},"1":{"name":"(anonymous_1)","decl":{"start":{"line":13,"column":2},"end":{"line":13,"column":3}},"loc":{"start":{"line":13,"column":11},"end":{"line":15,"column":3}},"line":13}},"branchMap":{},"s":{"0":1},"f":{"0":1,"1":1},"b":{},"_coverageSchema":"1a1c01bbd47fc00a2c39e90264f33305004495a9","hash":"dcaae0307e1bcb5dffe63c150db859ca12bfe0b1"}
,"/l/disk0/pcandido/dev/arara/temporario/redeEletrica/src/services/StationsService/index.ts": {"path":"/l/disk0/pcandido/dev/arara/temporario/redeEletrica/src/services/StationsService/index.ts","statementMap":{"0":{"start":{"line":11,"column":24},"end":{"line":61,"column":1}},"1":{"start":{"line":17,"column":4},"end":{"line":17,"column":73}},"2":{"start":{"line":25,"column":4},"end":{"line":28,"column":8}},"3":{"start":{"line":25,"column":34},"end":{"line":28,"column":5}},"4":{"start":{"line":36,"column":4},"end":{"line":39,"column":8}},"5":{"start":{"line":36,"column":32},"end":{"line":39,"column":5}},"6":{"start":{"line":46,"column":4},"end":{"line":46,"column":74}},"7":{"start":{"line":53,"column":4},"end":{"line":55,"column":5}},"8":{"start":{"line":54,"column":6},"end":{"line":54,"column":28}},"9":{"start":{"line":57,"column":4},"end":{"line":59,"column":6}},"10":{"start":{"line":58,"column":19},"end":{"line":58,"column":55}}},"fnMap":{"0":{"name":"(anonymous_0)","decl":{"start":{"line":16,"column":15},"end":{"line":16,"column":16}},"loc":{"start":{"line":17,"column":4},"end":{"line":17,"column":73}},"line":17},"1":{"name":"(anonymous_1)","decl":{"start":{"line":24,"column":33},"end":{"line":24,"column":34}},"loc":{"start":{"line":24,"column":60},"end":{"line":29,"column":3}},"line":24},"2":{"name":"(anonymous_2)","decl":{"start":{"line":25,"column":20},"end":{"line":25,"column":21}},"loc":{"start":{"line":25,"column":34},"end":{"line":28,"column":5}},"line":25},"3":{"name":"(anonymous_3)","decl":{"start":{"line":35,"column":25},"end":{"line":35,"column":26}},"loc":{"start":{"line":35,"column":44},"end":{"line":40,"column":3}},"line":35},"4":{"name":"(anonymous_4)","decl":{"start":{"line":36,"column":20},"end":{"line":36,"column":21}},"loc":{"start":{"line":36,"column":32},"end":{"line":39,"column":5}},"line":36},"5":{"name":"(anonymous_5)","decl":{"start":{"line":45,"column":21},"end":{"line":45,"column":22}},"loc":{"start":{"line":45,"column":27},"end":{"line":47,"column":3}},"line":45},"6":{"name":"(anonymous_6)","decl":{"start":{"line":52,"column":22},"end":{"line":52,"column":23}},"loc":{"start":{"line":52,"column":74},"end":{"line":60,"column":3}},"line":52},"7":{"name":"(anonymous_7)","decl":{"start":{"line":58,"column":6},"end":{"line":58,"column":7}},"loc":{"start":{"line":58,"column":19},"end":{"line":58,"column":55}},"line":58}},"branchMap":{"0":{"loc":{"start":{"line":53,"column":4},"end":{"line":55,"column":5}},"type":"if","locations":[{"start":{"line":53,"column":4},"end":{"line":55,"column":5}},{"start":{},"end":{}}],"line":53}},"s":{"0":5,"1":1,"2":1,"3":0,"4":1,"5":0,"6":1,"7":1,"8":1,"9":0,"10":0},"f":{"0":1,"1":1,"2":0,"3":1,"4":0,"5":1,"6":1,"7":0},"b":{"0":[1,0]},"_coverageSchema":"1a1c01bbd47fc00a2c39e90264f33305004495a9","hash":"dd04e4790242a2f994bed6f5de08978474be161d"}
,"/l/disk0/pcandido/dev/arara/temporario/redeEletrica/src/services/StatusServices/index.ts": {"path":"/l/disk0/pcandido/dev/arara/temporario/redeEletrica/src/services/StatusServices/index.ts","statementMap":{"0":{"start":{"line":5,"column":23},"end":{"line":15,"column":1}},"1":{"start":{"line":7,"column":4},"end":{"line":7,"column":34}},"2":{"start":{"line":10,"column":4},"end":{"line":10,"column":36}},"3":{"start":{"line":13,"column":4},"end":{"line":13,"column":36}}},"fnMap":{"0":{"name":"(anonymous_0)","decl":{"start":{"line":6,"column":21},"end":{"line":6,"column":22}},"loc":{"start":{"line":6,"column":41},"end":{"line":8,"column":3}},"line":6},"1":{"name":"(anonymous_1)","decl":{"start":{"line":9,"column":20},"end":{"line":9,"column":21}},"loc":{"start":{"line":9,"column":40},"end":{"line":11,"column":3}},"line":9},"2":{"name":"(anonymous_2)","decl":{"start":{"line":12,"column":23},"end":{"line":12,"column":24}},"loc":{"start":{"line":12,"column":43},"end":{"line":14,"column":3}},"line":12}},"branchMap":{},"s":{"0":7,"1":3,"2":33,"3":3},"f":{"0":3,"1":33,"2":3},"b":{},"_coverageSchema":"1a1c01bbd47fc00a2c39e90264f33305004495a9","hash":"2680f3fa101bae0fd477c3d2a0827c44c04223a3"}
,"/l/disk0/pcandido/dev/arara/temporario/redeEletrica/src/services/UtilServices/index.ts": {"path":"/l/disk0/pcandido/dev/arara/temporario/redeEletrica/src/services/UtilServices/index.ts","statementMap":{"0":{"start":{"line":3,"column":28},"end":{"line":6,"column":1}},"1":{"start":{"line":5,"column":4},"end":{"line":5,"column":50}},"2":{"start":{"line":5,"column":31},"end":{"line":5,"column":49}}},"fnMap":{"0":{"name":"(anonymous_0)","decl":{"start":{"line":4,"column":14},"end":{"line":4,"column":15}},"loc":{"start":{"line":5,"column":4},"end":{"line":5,"column":50}},"line":5},"1":{"name":"(anonymous_1)","decl":{"start":{"line":5,"column":18},"end":{"line":5,"column":19}},"loc":{"start":{"line":5,"column":31},"end":{"line":5,"column":49}},"line":5}},"branchMap":{},"s":{"0":4,"1":2,"2":2},"f":{"0":2,"1":2},"b":{},"_coverageSchema":"1a1c01bbd47fc00a2c39e90264f33305004495a9","hash":"c73e1145f8abd255033e2ccd2e67b3c6633421dd"}
,"/l/disk0/pcandido/dev/arara/temporario/redeEletrica/src/store/index.ts": {"path":"/l/disk0/pcandido/dev/arara/temporario/redeEletrica/src/store/index.ts","statementMap":{"0":{"start":{"line":10,"column":17},"end":{"line":10,"column":73}},"1":{"start":{"line":12,"column":21},"end":{"line":18,"column":2}}},"fnMap":{},"branchMap":{},"s":{"0":1,"1":1},"f":{},"b":{},"_coverageSchema":"1a1c01bbd47fc00a2c39e90264f33305004495a9","hash":"7e95903dc83855050217e49cda1b5837f30b319f"}
,"/l/disk0/pcandido/dev/arara/temporario/redeEletrica/src/store/features/redeEletricaSlice/index.ts": {"path":"/l/disk0/pcandido/dev/arara/temporario/redeEletrica/src/store/features/redeEletricaSlice/index.ts","statementMap":{"0":{"start":{"line":8,"column":47},"end":{"line":10,"column":1}},"1":{"start":{"line":12,"column":33},"end":{"line":20,"column":2}},"2":{"start":{"line":17,"column":6},"end":{"line":17,"column":37}},"3":{"start":{"line":22,"column":30},"end":{"line":22,"column":55}}},"fnMap":{"0":{"name":"(anonymous_0)","decl":{"start":{"line":16,"column":16},"end":{"line":16,"column":17}},"loc":{"start":{"line":16,"column":80},"end":{"line":18,"column":5}},"line":16}},"branchMap":{},"s":{"0":1,"1":1,"2":0,"3":1},"f":{"0":0},"b":{},"_coverageSchema":"1a1c01bbd47fc00a2c39e90264f33305004495a9","hash":"e94d36a34e4fe377fe91398239286db0c3b69e92"}
}
